<?xml version="1.0" encoding="UTF-8"?>
<!-- Generated by org.testng.reporters.JUnitReportReporter -->
<testsuite hostname="SeenaReddy" failures="0" tests="1" name="testNG.ZonalLink" time="5.715" errors="0" timestamp="2023-02-10T19:54:16 CST" skipped="0">
  <testcase classname="testNG.ZonalLink" name="f" time="5.715"/>
  <system-out/>
</testsuite> <!-- testNG.ZonalLink -->
