<?xml version="1.0" encoding="UTF-8"?>
<!-- Generated by org.testng.reporters.JUnitReportReporter -->
<testsuite hostname="SeenaReddy" failures="0" tests="1" name="testNG.VerifyObjectByUsingSizeMethod" time="6.762" errors="0" timestamp="2023-02-06T20:20:28 CST" skipped="0">
  <testcase classname="testNG.VerifyObjectByUsingSizeMethod" name="f" time="6.762"/>
  <system-out/>
</testsuite> <!-- testNG.VerifyObjectByUsingSizeMethod -->
