<?xml version="1.0" encoding="UTF-8"?>
<!-- Generated by org.testng.reporters.JUnitReportReporter -->
<testsuite hostname="SeenaReddy" failures="0" tests="1" name="testNG.VerifyObjectByUsingSizeMethod" time="7.278" errors="0" timestamp="2023-02-08T20:18:16 CST" skipped="0">
  <testcase classname="testNG.VerifyObjectByUsingSizeMethod" name="f" time="7.278"/>
  <system-out/>
</testsuite> <!-- testNG.VerifyObjectByUsingSizeMethod -->
