<?xml version="1.0" encoding="UTF-8"?>
<!-- Generated by org.testng.reporters.JUnitReportReporter -->
<testsuite hostname="SeenaReddy" failures="0" tests="1" name="testNG.VerifyIsSelectedOrNot" time="18.279" errors="0" timestamp="2023-02-06T20:00:58 CST" skipped="0">
  <testcase classname="testNG.VerifyIsSelectedOrNot" name="f" time="18.279"/>
  <system-out/>
</testsuite> <!-- testNG.VerifyIsSelectedOrNot -->
