<?xml version="1.0" encoding="UTF-8"?>
<!-- Generated by org.testng.reporters.JUnitReportReporter -->
<testsuite hostname="SeenaReddy" failures="0" tests="1" name="testNG.FB_GenderTest" time="7.439" errors="0" timestamp="2023-02-06T20:30:24 CST" skipped="0">
  <testcase classname="testNG.FB_GenderTest" name="f" time="7.439"/>
  <system-out/>
</testsuite> <!-- testNG.FB_GenderTest -->
