<?xml version="1.0" encoding="UTF-8"?>
<!-- Generated by org.testng.reporters.JUnitReportReporter -->
<testsuite hostname="SeenaReddy" failures="0" tests="1" name="dataDrivernFramework.FBLoginWithExcel" time="2.965" errors="0" timestamp="2023-02-16T20:29:11 CST" skipped="0">
  <testcase classname="dataDrivernFramework.FBLoginWithExcel" name="f" time="2.965"/>
  <system-out/>
</testsuite> <!-- dataDrivernFramework.FBLoginWithExcel -->
