<?xml version="1.0" encoding="UTF-8"?>
<!-- Generated by org.testng.reporters.JUnitReportReporter -->
<testsuite hostname="SeenaReddy" failures="0" tests="1" name="testNG.AlertHandle_Demo" time="13.393" errors="0" timestamp="2023-02-09T20:22:50 CST" skipped="0">
  <testcase classname="testNG.AlertHandle_Demo" name="f" time="13.393"/>
  <system-out/>
</testsuite> <!-- testNG.AlertHandle_Demo -->
