<?xml version="1.0" encoding="UTF-8"?>
<!-- Generated by org.testng.reporters.JUnitReportReporter -->
<testsuite hostname="SeenaReddy" failures="0" tests="1" name="testNG.AlertHandle_JRI" time="35.149" errors="0" timestamp="2023-02-09T20:18:21 CST" skipped="0">
  <testcase classname="testNG.AlertHandle_JRI" name="f" time="35.149"/>
  <system-out/>
</testsuite> <!-- testNG.AlertHandle_JRI -->
