<?xml version="1.0" encoding="UTF-8"?>
<!-- Generated by org.testng.reporters.JUnitReportReporter -->
<testsuite hostname="SeenaReddy" failures="0" tests="3" name="testNG.AlertHandle_Demo" time="30.056" errors="0" timestamp="2023-02-10T20:24:33 CST" skipped="0">
  <testcase classname="testNG.AlertHandle_Demo" name="f" time="6.123"/>
  <system-out/>
  <testcase classname="testNG.AlertHandle_Demo" name="f" time="18.394"/>
  <system-out/>
  <testcase classname="testNG.AlertHandle_Demo" name="f" time="5.539"/>
  <system-out/>
</testsuite> <!-- testNG.AlertHandle_Demo -->
