<?xml version="1.0" encoding="UTF-8"?>
<!-- Generated by org.testng.reporters.JUnitReportReporter -->
<testsuite hostname="SeenaReddy" failures="0" tests="1" name="testNG.BlazeDemo_Assignment9" time="3.783" errors="0" timestamp="2023-02-08T19:39:25 CST" skipped="0">
  <testcase classname="testNG.BlazeDemo_Assignment9" name="f" time="3.783"/>
  <system-out/>
</testsuite> <!-- testNG.BlazeDemo_Assignment9 -->
