<?xml version="1.0" encoding="UTF-8"?>
<!-- Generated by org.testng.reporters.JUnitReportReporter -->
<testsuite hostname="SeenaReddy" failures="0" tests="1" name="seleniumBasics.HyperLinkTest" time="3.067" errors="0" timestamp="2023-02-02T20:01:18 CST" skipped="0">
  <testcase classname="seleniumBasics.HyperLinkTest" name="f" time="3.067"/>
  <system-out/>
</testsuite> <!-- seleniumBasics.HyperLinkTest -->
