<?xml version="1.0" encoding="UTF-8"?>
<!-- Generated by org.testng.reporters.JUnitReportReporter -->
<testsuite hostname="SeenaReddy" failures="0" tests="1" name="seleniumBasics.GettextAssignment7" time="7.490" errors="0" timestamp="2023-02-07T19:52:05 CST" skipped="0">
  <testcase classname="seleniumBasics.GettextAssignment7" name="f" time="7.490"/>
  <system-out/>
</testsuite> <!-- seleniumBasics.GettextAssignment7 -->
