<?xml version="1.0" encoding="UTF-8"?>
<!-- Generated by org.testng.reporters.JUnitReportReporter -->
<testsuite hostname="SeenaReddy" failures="0" tests="1" name="testNG.VerifyIsSelectedOrNot" time="18.087" errors="0" timestamp="2023-02-08T20:18:16 CST" skipped="0">
  <testcase classname="testNG.VerifyIsSelectedOrNot" name="f" time="18.087"/>
  <system-out/>
</testsuite> <!-- testNG.VerifyIsSelectedOrNot -->
