<?xml version="1.0" encoding="UTF-8"?>
<!-- Generated by org.testng.reporters.JUnitReportReporter -->
<testsuite hostname="SeenaReddy" failures="0" tests="1" name="testNG.GetAllHyperLinksFromGooglePage" time="4.966" errors="0" timestamp="2023-02-07T20:00:30 CST" skipped="0">
  <testcase classname="testNG.GetAllHyperLinksFromGooglePage" name="f" time="4.966"/>
  <system-out/>
</testsuite> <!-- testNG.GetAllHyperLinksFromGooglePage -->
