<?xml version="1.0" encoding="UTF-8"?>
<!-- Generated by org.testng.reporters.JUnitReportReporter -->
<testsuite hostname="SeenaReddy" failures="0" tests="1" name="testNG.TTD_Webpage_Assignment5" time="14.539" errors="0" timestamp="2023-02-06T19:41:24 CST" skipped="0">
  <testcase classname="testNG.TTD_Webpage_Assignment5" name="f" time="14.539"/>
  <system-out/>
</testsuite> <!-- testNG.TTD_Webpage_Assignment5 -->
