<?xml version="1.0" encoding="UTF-8"?>
<!-- Generated by org.testng.reporters.JUnitReportReporter -->
<testsuite hostname="SeenaReddy" failures="0" tests="3" name="testNG.AlertHandle_Demo" time="43.289" errors="0" timestamp="2023-02-10T20:30:04 CST" skipped="0">
  <testcase classname="testNG.AlertHandle_Demo" name="f" time="7.388"/>
  <system-out/>
  <testcase classname="testNG.AlertHandle_Demo" name="f" time="18.131"/>
  <system-out/>
  <testcase classname="testNG.AlertHandle_Demo" name="f" time="17.770"/>
  <system-out/>
</testsuite> <!-- testNG.AlertHandle_Demo -->
