<?xml version="1.0" encoding="UTF-8"?>
<!-- Generated by org.testng.reporters.JUnitReportReporter -->
<testsuite hostname="SeenaReddy" failures="0" tests="1" name="testNG.GetAllHyperLinksFromGooglePage" time="4.517" errors="0" timestamp="2023-02-08T20:18:16 CST" skipped="0">
  <testcase classname="testNG.GetAllHyperLinksFromGooglePage" name="f" time="4.517"/>
  <system-out/>
</testsuite> <!-- testNG.GetAllHyperLinksFromGooglePage -->
