<?xml version="1.0" encoding="UTF-8"?>
<!-- Generated by org.testng.reporters.JUnitReportReporter -->
<testsuite hostname="SeenaReddy" failures="0" tests="1" name="seleniumBasics.DropdownCode" time="6.738" errors="0" timestamp="2023-02-02T20:34:01 CST" skipped="0">
  <testcase classname="seleniumBasics.DropdownCode" name="f" time="6.738"/>
  <system-out/>
</testsuite> <!-- seleniumBasics.DropdownCode -->
